  Error copying file "F:/OpenGL/LearnOpenGL-master/dlls/irrKlang.dll" to "F:/OpenGL/LearnOpenGL-master/bin/1.getting_started/Release".
C:\Program Files\Microsoft Visual Studio\2022\Professional\MSBuild\Microsoft\VC\v170\Microsoft.CppCommon.targets(151,5): error MSB3073: "setlocal
C:\Program Files\Microsoft Visual Studio\2022\Professional\MSBuild\Microsoft\VC\v170\Microsoft.CppCommon.targets(151,5): error MSB3073: "C:\Program Files\CMake\bin\cmake.exe" -E copy F:/OpenGL/LearnOpenGL-master/src/1.getting_started/4.5.textures_exercise3/4.4.texture.fs F:/OpenGL/LearnOpenGL-master/bin/1.getting_started/Release
C:\Program Files\Microsoft Visual Studio\2022\Professional\MSBuild\Microsoft\VC\v170\Microsoft.CppCommon.targets(151,5): error MSB3073: if %errorlevel% neq 0 goto :cmEnd
C:\Program Files\Microsoft Visual Studio\2022\Professional\MSBuild\Microsoft\VC\v170\Microsoft.CppCommon.targets(151,5): error MSB3073: :cmEnd
C:\Program Files\Microsoft Visual Studio\2022\Professional\MSBuild\Microsoft\VC\v170\Microsoft.CppCommon.targets(151,5): error MSB3073: endlocal & call :cmErrorLevel %errorlevel% & goto :cmDone
C:\Program Files\Microsoft Visual Studio\2022\Professional\MSBuild\Microsoft\VC\v170\Microsoft.CppCommon.targets(151,5): error MSB3073: :cmErrorLevel
C:\Program Files\Microsoft Visual Studio\2022\Professional\MSBuild\Microsoft\VC\v170\Microsoft.CppCommon.targets(151,5): error MSB3073: exit /b %1
C:\Program Files\Microsoft Visual Studio\2022\Professional\MSBuild\Microsoft\VC\v170\Microsoft.CppCommon.targets(151,5): error MSB3073: :cmDone
C:\Program Files\Microsoft Visual Studio\2022\Professional\MSBuild\Microsoft\VC\v170\Microsoft.CppCommon.targets(151,5): error MSB3073: if %errorlevel% neq 0 goto :VCEnd
C:\Program Files\Microsoft Visual Studio\2022\Professional\MSBuild\Microsoft\VC\v170\Microsoft.CppCommon.targets(151,5): error MSB3073: setlocal
C:\Program Files\Microsoft Visual Studio\2022\Professional\MSBuild\Microsoft\VC\v170\Microsoft.CppCommon.targets(151,5): error MSB3073: "C:\Program Files\CMake\bin\cmake.exe" -E copy F:/OpenGL/LearnOpenGL-master/dlls/assimp-vc140-mt.dll F:/OpenGL/LearnOpenGL-master/dlls/ikpMP3.dll F:/OpenGL/LearnOpenGL-master/dlls/irrKlang.dll F:/OpenGL/LearnOpenGL-master/bin/1.getting_started/Release
C:\Program Files\Microsoft Visual Studio\2022\Professional\MSBuild\Microsoft\VC\v170\Microsoft.CppCommon.targets(151,5): error MSB3073: if %errorlevel% neq 0 goto :cmEnd
C:\Program Files\Microsoft Visual Studio\2022\Professional\MSBuild\Microsoft\VC\v170\Microsoft.CppCommon.targets(151,5): error MSB3073: :cmEnd
C:\Program Files\Microsoft Visual Studio\2022\Professional\MSBuild\Microsoft\VC\v170\Microsoft.CppCommon.targets(151,5): error MSB3073: endlocal & call :cmErrorLevel %errorlevel% & goto :cmDone
C:\Program Files\Microsoft Visual Studio\2022\Professional\MSBuild\Microsoft\VC\v170\Microsoft.CppCommon.targets(151,5): error MSB3073: :cmErrorLevel
C:\Program Files\Microsoft Visual Studio\2022\Professional\MSBuild\Microsoft\VC\v170\Microsoft.CppCommon.targets(151,5): error MSB3073: exit /b %1
C:\Program Files\Microsoft Visual Studio\2022\Professional\MSBuild\Microsoft\VC\v170\Microsoft.CppCommon.targets(151,5): error MSB3073: :cmDone
C:\Program Files\Microsoft Visual Studio\2022\Professional\MSBuild\Microsoft\VC\v170\Microsoft.CppCommon.targets(151,5): error MSB3073: if %errorlevel% neq 0 goto :VCEnd
C:\Program Files\Microsoft Visual Studio\2022\Professional\MSBuild\Microsoft\VC\v170\Microsoft.CppCommon.targets(151,5): error MSB3073: setlocal
C:\Program Files\Microsoft Visual Studio\2022\Professional\MSBuild\Microsoft\VC\v170\Microsoft.CppCommon.targets(151,5): error MSB3073: "C:\Program Files\CMake\bin\cmake.exe" -E copy F:/OpenGL/LearnOpenGL-master/src/1.getting_started/4.5.textures_exercise3/4.4.texture.vs F:/OpenGL/LearnOpenGL-master/bin/1.getting_started/Release
C:\Program Files\Microsoft Visual Studio\2022\Professional\MSBuild\Microsoft\VC\v170\Microsoft.CppCommon.targets(151,5): error MSB3073: if %errorlevel% neq 0 goto :cmEnd
C:\Program Files\Microsoft Visual Studio\2022\Professional\MSBuild\Microsoft\VC\v170\Microsoft.CppCommon.targets(151,5): error MSB3073: :cmEnd
C:\Program Files\Microsoft Visual Studio\2022\Professional\MSBuild\Microsoft\VC\v170\Microsoft.CppCommon.targets(151,5): error MSB3073: endlocal & call :cmErrorLevel %errorlevel% & goto :cmDone
C:\Program Files\Microsoft Visual Studio\2022\Professional\MSBuild\Microsoft\VC\v170\Microsoft.CppCommon.targets(151,5): error MSB3073: :cmErrorLevel
C:\Program Files\Microsoft Visual Studio\2022\Professional\MSBuild\Microsoft\VC\v170\Microsoft.CppCommon.targets(151,5): error MSB3073: exit /b %1
C:\Program Files\Microsoft Visual Studio\2022\Professional\MSBuild\Microsoft\VC\v170\Microsoft.CppCommon.targets(151,5): error MSB3073: :cmDone
C:\Program Files\Microsoft Visual Studio\2022\Professional\MSBuild\Microsoft\VC\v170\Microsoft.CppCommon.targets(151,5): error MSB3073: if %errorlevel% neq 0 goto :VCEnd
C:\Program Files\Microsoft Visual Studio\2022\Professional\MSBuild\Microsoft\VC\v170\Microsoft.CppCommon.targets(151,5): error MSB3073: setlocal
C:\Program Files\Microsoft Visual Studio\2022\Professional\MSBuild\Microsoft\VC\v170\Microsoft.CppCommon.targets(151,5): error MSB3073: "C:\Program Files\CMake\bin\cmake.exe" -E copy F:/OpenGL/LearnOpenGL-master/dlls/assimp-vc140-mt.dll F:/OpenGL/LearnOpenGL-master/dlls/ikpMP3.dll F:/OpenGL/LearnOpenGL-master/dlls/irrKlang.dll F:/OpenGL/LearnOpenGL-master/bin/1.getting_started/Release
C:\Program Files\Microsoft Visual Studio\2022\Professional\MSBuild\Microsoft\VC\v170\Microsoft.CppCommon.targets(151,5): error MSB3073: if %errorlevel% neq 0 goto :cmEnd
C:\Program Files\Microsoft Visual Studio\2022\Professional\MSBuild\Microsoft\VC\v170\Microsoft.CppCommon.targets(151,5): error MSB3073: :cmEnd
C:\Program Files\Microsoft Visual Studio\2022\Professional\MSBuild\Microsoft\VC\v170\Microsoft.CppCommon.targets(151,5): error MSB3073: endlocal & call :cmErrorLevel %errorlevel% & goto :cmDone
C:\Program Files\Microsoft Visual Studio\2022\Professional\MSBuild\Microsoft\VC\v170\Microsoft.CppCommon.targets(151,5): error MSB3073: :cmErrorLevel
C:\Program Files\Microsoft Visual Studio\2022\Professional\MSBuild\Microsoft\VC\v170\Microsoft.CppCommon.targets(151,5): error MSB3073: exit /b %1
C:\Program Files\Microsoft Visual Studio\2022\Professional\MSBuild\Microsoft\VC\v170\Microsoft.CppCommon.targets(151,5): error MSB3073: :cmDone
C:\Program Files\Microsoft Visual Studio\2022\Professional\MSBuild\Microsoft\VC\v170\Microsoft.CppCommon.targets(151,5): error MSB3073: if %errorlevel% neq 0 goto :VCEnd
C:\Program Files\Microsoft Visual Studio\2022\Professional\MSBuild\Microsoft\VC\v170\Microsoft.CppCommon.targets(151,5): error MSB3073: :VCEnd" 명령이 종료되었습니다(코드: 1).
